15:52:31.371 [main] ERROR  - Соединение с бд не установлено. Завершение работы сервера org.postgresql.util.PSQLException: Ошибка при попытке подсоединения.
15:53:27.120 [main] ERROR  - Соединение с бд не установлено. Завершение работы сервера org.postgresql.util.PSQLException: Ошибка при попытке подсоединения.
15:55:20.477 [main] INFO   - Соединение с бд установлено.
15:55:20.541 [main] INFO   - Коллекция была загружена из бд.
15:55:20.561 [main] INFO   - Класс Application готов.
15:55:20.569 [main] INFO   - Сервер готов
15:55:34.323 [main] INFO   - Конструктор класса Application был загружен.
15:55:46.371 [pool-2-thread-1] INFO   - Получен пакет с командой от 127.0.0.1 50936
15:55:46.470 [Thread-0] INFO   - Обработка запроса для 50936 началась.
15:55:46.482 [Thread-0] INFO   - Отправка для 50936 началась.
15:55:46.866 [main] INFO   - Авторизация пользователя прошла успешно.
15:55:46.866 [main] INFO   - Клиент готов к чтению команд.
15:56:02.789 [main] INFO   - Данные были отправлены.
15:56:02.790 [pool-2-thread-2] INFO   - Получен пакет с командой от 127.0.0.1 50936
15:56:02.792 [Thread-0] INFO   - Обработка запроса для 50936 началась.
15:56:02.822 [Thread-3] INFO   - Была исполнена команда show
15:56:02.823 [Thread-0] INFO   - Отправка для 50936 началась.
15:56:03.290 [main] INFO   - Данные были получены.
15:56:46.604 [main] INFO   - Данные были отправлены.
15:56:46.605 [pool-2-thread-1] INFO   - Получен пакет с командой от 127.0.0.1 50936
15:56:46.616 [Thread-0] INFO   - Обработка запроса для 50936 началась.
15:56:46.646 [Thread-5] INFO   - Была исполнена команда add
15:56:46.647 [Thread-0] INFO   - Отправка для 50936 началась.
15:56:47.106 [main] INFO   - Данные были получены.
15:56:51.720 [main] INFO   - Данные были отправлены.
15:56:51.721 [pool-2-thread-2] INFO   - Получен пакет с командой от 127.0.0.1 50936
15:56:51.721 [Thread-0] INFO   - Обработка запроса для 50936 началась.
15:56:51.723 [Thread-7] INFO   - Была исполнена команда show
15:56:51.724 [Thread-0] INFO   - Отправка для 50936 началась.
15:56:52.232 [main] INFO   - Данные были получены.
15:57:19.780 [main] INFO   - Данные были отправлены.
15:57:19.781 [pool-2-thread-1] INFO   - Получен пакет с командой от 127.0.0.1 50936
15:57:19.783 [Thread-0] INFO   - Обработка запроса для 50936 началась.
15:57:19.848 [Thread-9] INFO   - Была исполнена команда remove_by_id
15:57:19.849 [Thread-0] INFO   - Отправка для 50936 началась.
15:57:20.285 [main] INFO   - Данные были получены.
15:57:23.826 [main] INFO   - Данные были отправлены.
15:57:23.827 [pool-2-thread-2] INFO   - Получен пакет с командой от 127.0.0.1 50936
15:57:23.828 [Thread-0] INFO   - Обработка запроса для 50936 началась.
15:57:23.829 [Thread-11] INFO   - Была исполнена команда show
15:57:23.830 [Thread-0] INFO   - Отправка для 50936 началась.
15:57:24.335 [main] INFO   - Данные были получены.
16:20:29.278 [main] INFO   - Соединение с бд установлено.
16:20:29.305 [main] INFO   - Коллекция была загружена из бд.
16:20:29.315 [main] INFO   - Класс Application готов.
16:20:29.321 [main] INFO   - Сервер готов
16:21:09.897 [main] INFO   - Соединение с бд установлено.
16:21:09.934 [main] INFO   - Коллекция была загружена из бд.
16:21:09.941 [main] INFO   - Класс Application готов.
16:21:09.946 [main] INFO   - Сервер готов
16:58:47.721 [main] INFO   - Соединение с бд установлено.
16:58:47.750 [main] INFO   - Коллекция была загружена из бд.
16:58:47.758 [main] INFO   - Класс Application готов.
16:58:47.763 [main] INFO   - Сервер готов
16:58:57.118 [main] INFO   - Конструктор класса Application был загружен.
16:59:03.513 [pool-2-thread-1] INFO   - Получен пакет с командой от 127.0.0.1 60801
16:59:03.540 [Thread-0] INFO   - Обработка запроса для 60801 началась.
16:59:03.543 [Thread-0] INFO   - Отправка для 60801 началась.
16:59:04.022 [main] WARN   - Неверный логин или пароль. Повторите ввод. Осталось попыток:4
16:59:07.988 [pool-2-thread-2] INFO   - Получен пакет с командой от 127.0.0.1 60801
16:59:07.995 [Thread-0] INFO   - Обработка запроса для 60801 началась.
16:59:07.996 [Thread-0] INFO   - Отправка для 60801 началась.
16:59:08.492 [main] INFO   - Авторизация пользователя прошла успешно.
16:59:08.492 [main] INFO   - Клиент готов к чтению команд.
16:59:42.005 [main] INFO   - Данные были отправлены.
16:59:42.006 [pool-2-thread-1] INFO   - Получен пакет с командой от 127.0.0.1 60801
16:59:42.012 [Thread-0] INFO   - Обработка запроса для 60801 началась.
16:59:42.050 [Thread-5] INFO   - Была исполнена команда add
16:59:42.050 [Thread-0] INFO   - Отправка для 60801 началась.
16:59:42.515 [main] INFO   - Данные были получены.
17:05:03.745 [main] INFO   - Соединение с бд установлено.
17:05:06.165 [main] INFO   - Коллекция была загружена из бд.
17:05:06.191 [main] INFO   - Класс Application готов.
17:05:06.209 [main] INFO   - Сервер готов
17:05:13.850 [main] INFO   - Конструктор класса Application был загружен.
17:05:17.892 [pool-2-thread-1] INFO   - Получен пакет с командой от 127.0.0.1 53586
17:05:17.926 [Thread-0] INFO   - Обработка запроса для 53586 началась.
17:05:17.931 [Thread-0] INFO   - Отправка для 53586 началась.
17:05:18.389 [main] INFO   - Авторизация пользователя прошла успешно.
17:05:18.389 [main] INFO   - Клиент готов к чтению команд.
17:05:30.726 [main] INFO   - Данные были отправлены.
17:05:30.727 [pool-2-thread-2] INFO   - Получен пакет с командой от 127.0.0.1 53586
17:05:30.739 [Thread-0] INFO   - Обработка запроса для 53586 началась.
17:05:35.826 [main] ERROR  - Сервер не отвечает. Завершение работы клиента
17:10:44.454 [main] INFO   - Соединение с бд установлено.
17:10:44.498 [main] INFO   - Коллекция была загружена из бд.
17:10:44.504 [main] INFO   - Класс Application готов.
17:10:44.509 [main] INFO   - Сервер готов
17:10:50.606 [main] INFO   - Конструктор класса Application был загружен.
17:10:54.624 [pool-2-thread-1] INFO   - Получен пакет с командой от 127.0.0.1 59468
17:10:54.656 [Thread-0] INFO   - Обработка запроса для 59468 началась.
17:10:54.658 [Thread-0] INFO   - Отправка для 59468 началась.
17:10:55.136 [main] INFO   - Авторизация пользователя прошла успешно.
17:10:55.136 [main] INFO   - Клиент готов к чтению команд.
17:11:05.743 [main] INFO   - Данные были отправлены.
17:11:05.743 [pool-2-thread-2] INFO   - Получен пакет с командой от 127.0.0.1 59468
17:11:05.750 [Thread-0] INFO   - Обработка запроса для 59468 началась.
17:11:05.814 [Thread-3] INFO   - Была исполнена команда add
17:11:05.814 [Thread-0] INFO   - Отправка для 59468 началась.
17:11:06.259 [main] INFO   - Данные были получены.
17:12:48.171 [main] INFO   - Данные были отправлены.
17:12:48.171 [pool-2-thread-1] INFO   - Получен пакет с командой от 127.0.0.1 59468
17:12:48.172 [Thread-0] INFO   - Обработка запроса для 59468 началась.
17:12:48.235 [Thread-5] INFO   - Была исполнена команда clear
17:12:48.235 [Thread-0] INFO   - Отправка для 59468 началась.
17:12:48.676 [main] INFO   - Данные были получены.
17:12:51.913 [main] INFO   - Данные были отправлены.
17:12:51.914 [pool-2-thread-2] INFO   - Получен пакет с командой от 127.0.0.1 59468
17:12:51.914 [Thread-0] INFO   - Обработка запроса для 59468 началась.
17:12:51.915 [Thread-7] INFO   - Была исполнена команда show
17:12:51.915 [Thread-0] INFO   - Отправка для 59468 началась.
17:12:52.423 [main] INFO   - Данные были получены.
17:13:08.905 [main] INFO   - Данные были отправлены.
17:13:08.906 [pool-2-thread-1] INFO   - Получен пакет с командой от 127.0.0.1 59468
17:13:08.907 [Thread-0] INFO   - Обработка запроса для 59468 началась.
17:13:09.027 [Thread-9] INFO   - Была исполнена команда add
17:13:09.028 [Thread-0] INFO   - Отправка для 59468 началась.
17:13:09.417 [main] INFO   - Данные были получены.
17:13:11.421 [main] INFO   - Данные были отправлены.
17:13:11.422 [pool-2-thread-2] INFO   - Получен пакет с командой от 127.0.0.1 59468
17:13:11.423 [Thread-0] INFO   - Обработка запроса для 59468 началась.
17:13:11.436 [Thread-11] INFO   - Была исполнена команда show
17:13:11.436 [Thread-0] INFO   - Отправка для 59468 началась.
17:13:11.925 [main] INFO   - Данные были получены.
17:13:19.216 [main] ERROR  - 
Аварийное завершение работы.
17:13:41.034 [main] INFO   - Соединение с бд установлено.
17:13:41.074 [main] INFO   - Коллекция была загружена из бд.
17:13:41.080 [main] INFO   - Класс Application готов.
17:13:41.086 [main] INFO   - Сервер готов
17:13:47.204 [main] INFO   - Конструктор класса Application был загружен.
17:14:01.107 [pool-2-thread-1] INFO   - Получен пакет с командой от 127.0.0.1 57538
17:14:01.185 [Thread-0] INFO   - Обработка запроса для 57538 началась.
17:14:01.188 [Thread-0] INFO   - Отправка для 57538 началась.
17:14:01.606 [main] INFO   - Авторизация пользователя прошла успешно.
17:14:01.606 [main] INFO   - Клиент готов к чтению команд.
17:14:04.743 [main] INFO   - Данные были отправлены.
17:14:04.744 [pool-2-thread-2] INFO   - Получен пакет с командой от 127.0.0.1 57538
17:14:04.745 [Thread-0] INFO   - Обработка запроса для 57538 началась.
17:14:04.759 [Thread-3] INFO   - Была исполнена команда show
17:14:04.759 [Thread-0] INFO   - Отправка для 57538 началась.
17:14:05.257 [main] INFO   - Данные были получены.
17:14:13.685 [main] INFO   - Данные были отправлены.
17:14:13.686 [pool-2-thread-1] INFO   - Получен пакет с командой от 127.0.0.1 57538
17:14:13.686 [Thread-0] INFO   - Обработка запроса для 57538 началась.
17:14:13.705 [Thread-5] INFO   - Была исполнена команда clear
17:14:13.706 [Thread-0] INFO   - Отправка для 57538 началась.
17:14:14.193 [main] INFO   - Данные были получены.
17:14:16.794 [main] INFO   - Данные были отправлены.
17:14:16.795 [pool-2-thread-2] INFO   - Получен пакет с командой от 127.0.0.1 57538
17:14:16.795 [Thread-0] INFO   - Обработка запроса для 57538 началась.
17:14:16.796 [Thread-7] INFO   - Была исполнена команда show
17:14:16.796 [Thread-0] INFO   - Отправка для 57538 началась.
17:14:17.308 [main] INFO   - Данные были получены.
17:15:07.951 [main] INFO   - Соединение с бд установлено.
17:15:07.976 [main] INFO   - Коллекция была загружена из бд.
17:15:07.985 [main] INFO   - Класс Application готов.
17:15:07.992 [main] INFO   - Сервер готов
17:15:11.752 [main] INFO   - Конструктор класса Application был загружен.
17:15:15.974 [pool-2-thread-1] INFO   - Получен пакет с командой от 127.0.0.1 49159
17:15:16.014 [Thread-0] INFO   - Обработка запроса для 49159 началась.
17:15:16.016 [Thread-0] INFO   - Отправка для 49159 началась.
17:15:16.478 [main] INFO   - Авторизация пользователя прошла успешно.
17:15:16.479 [main] INFO   - Клиент готов к чтению команд.
17:15:18.961 [main] INFO   - Данные были отправлены.
17:15:18.962 [pool-2-thread-2] INFO   - Получен пакет с командой от 127.0.0.1 49159
17:15:18.963 [Thread-0] INFO   - Обработка запроса для 49159 началась.
17:15:18.977 [Thread-3] INFO   - Была исполнена команда show
17:15:18.977 [Thread-0] INFO   - Отправка для 49159 началась.
17:15:19.469 [main] INFO   - Данные были получены.
17:15:55.624 [main] INFO   - Данные были отправлены.
17:15:55.624 [pool-2-thread-1] INFO   - Получен пакет с командой от 127.0.0.1 49159
17:15:55.627 [Thread-0] INFO   - Обработка запроса для 49159 началась.
17:15:55.685 [Thread-5] INFO   - Была исполнена команда remove_by_id
17:15:55.685 [Thread-0] INFO   - Отправка для 49159 началась.
17:15:56.132 [main] INFO   - Данные были получены.
17:16:25.805 [main] INFO   - Данные были отправлены.
17:16:25.806 [pool-2-thread-2] INFO   - Получен пакет с командой от 127.0.0.1 49159
17:16:25.807 [Thread-0] INFO   - Обработка запроса для 49159 началась.
17:16:25.874 [Thread-7] INFO   - Была исполнена команда remove_by_id
17:16:25.875 [Thread-0] INFO   - Отправка для 49159 началась.
17:16:26.309 [main] INFO   - Данные были получены.
17:16:28.511 [main] INFO   - Данные были отправлены.
17:16:28.512 [pool-2-thread-1] INFO   - Получен пакет с командой от 127.0.0.1 49159
17:16:28.513 [Thread-0] INFO   - Обработка запроса для 49159 началась.
17:16:28.576 [Thread-9] INFO   - Была исполнена команда remove_by_id
17:16:28.577 [Thread-0] INFO   - Отправка для 49159 началась.
17:16:29.022 [main] INFO   - Данные были получены.
17:16:33.374 [main] INFO   - Данные были отправлены.
17:16:33.374 [pool-2-thread-2] INFO   - Получен пакет с командой от 127.0.0.1 49159
17:16:33.375 [Thread-0] INFO   - Обработка запроса для 49159 началась.
17:16:33.409 [Thread-11] INFO   - Была исполнена команда remove_by_id
17:16:33.410 [Thread-0] INFO   - Отправка для 49159 началась.
17:16:33.884 [main] INFO   - Данные были получены.
17:16:43.119 [main] INFO   - Данные были отправлены.
17:16:43.119 [pool-2-thread-1] INFO   - Получен пакет с командой от 127.0.0.1 49159
17:16:43.119 [Thread-0] INFO   - Обработка запроса для 49159 началась.
17:16:43.135 [Thread-13] INFO   - Была исполнена команда show
17:16:43.135 [Thread-0] INFO   - Отправка для 49159 началась.
17:16:43.635 [main] INFO   - Данные были получены.
17:18:30.104 [main] INFO   - Конструктор класса Application был загружен.
17:18:34.618 [pool-2-thread-2] INFO   - Получен пакет с командой от 127.0.0.1 49670
17:18:34.640 [Thread-0] INFO   - Обработка запроса для 49670 началась.
17:18:34.641 [Thread-0] INFO   - Отправка для 49670 началась.
17:18:35.127 [main] INFO   - Авторизация пользователя прошла успешно.
17:18:35.127 [main] INFO   - Клиент готов к чтению команд.
17:18:37.472 [main] INFO   - Данные были отправлены.
17:18:37.473 [pool-2-thread-1] INFO   - Получен пакет с командой от 127.0.0.1 49670
17:18:37.473 [Thread-0] INFO   - Обработка запроса для 49670 началась.
17:18:37.474 [Thread-17] INFO   - Была исполнена команда show
17:18:37.474 [Thread-0] INFO   - Отправка для 49670 началась.
17:18:37.976 [main] INFO   - Данные были получены.
17:18:51.846 [main] INFO   - Данные были отправлены.
17:18:51.846 [pool-2-thread-2] INFO   - Получен пакет с командой от 127.0.0.1 49670
17:18:51.847 [Thread-0] INFO   - Обработка запроса для 49670 началась.
17:18:51.901 [Thread-19] INFO   - Была исполнена команда remove_by_id
17:18:51.901 [Thread-0] INFO   - Отправка для 49670 началась.
17:18:52.350 [main] INFO   - Данные были получены.
17:18:54.522 [main] INFO   - Данные были отправлены.
17:18:54.522 [pool-2-thread-1] INFO   - Получен пакет с командой от 127.0.0.1 49670
17:18:54.523 [Thread-0] INFO   - Обработка запроса для 49670 началась.
17:18:54.523 [Thread-21] INFO   - Была исполнена команда show
17:18:54.524 [Thread-0] INFO   - Отправка для 49670 началась.
17:18:55.027 [main] INFO   - Данные были получены.
17:19:47.643 [main] INFO   - Соединение с бд установлено.
17:19:47.672 [main] INFO   - Коллекция была загружена из бд.
17:19:47.680 [main] INFO   - Класс Application готов.
17:19:47.684 [main] INFO   - Сервер готов
17:19:54.102 [main] INFO   - Конструктор класса Application был загружен.
17:19:58.056 [pool-2-thread-1] INFO   - Получен пакет с командой от 127.0.0.1 53113
17:19:58.091 [Thread-0] INFO   - Обработка запроса для 53113 началась.
17:19:58.093 [Thread-0] INFO   - Отправка для 53113 началась.
17:19:58.562 [main] INFO   - Авторизация пользователя прошла успешно.
17:19:58.562 [main] INFO   - Клиент готов к чтению команд.
17:20:01.823 [main] INFO   - Данные были отправлены.
17:20:01.824 [pool-2-thread-2] INFO   - Получен пакет с командой от 127.0.0.1 53113
17:20:01.826 [Thread-0] INFO   - Обработка запроса для 53113 началась.
17:20:01.828 [Thread-3] INFO   - Была исполнена команда show
17:20:01.828 [Thread-0] INFO   - Отправка для 53113 началась.
17:20:02.338 [main] INFO   - Данные были получены.
17:20:16.182 [main] INFO   - Данные были отправлены.
17:20:16.183 [pool-2-thread-1] INFO   - Получен пакет с командой от 127.0.0.1 53113
17:20:16.191 [Thread-0] INFO   - Обработка запроса для 53113 началась.
17:20:16.267 [Thread-5] INFO   - Была исполнена команда add
17:20:16.268 [Thread-0] INFO   - Отправка для 53113 началась.
17:20:16.690 [main] INFO   - Данные были получены.
17:20:18.680 [main] ERROR  - 
Аварийное завершение работы.
17:20:27.022 [main] INFO   - Конструктор класса Application был загружен.
17:20:30.920 [pool-2-thread-2] INFO   - Получен пакет с командой от 127.0.0.1 53114
17:20:30.927 [Thread-0] INFO   - Обработка запроса для 53114 началась.
17:20:30.928 [Thread-0] INFO   - Отправка для 53114 началась.
17:20:31.428 [main] INFO   - Авторизация пользователя прошла успешно.
17:20:31.428 [main] INFO   - Клиент готов к чтению команд.
17:20:33.578 [main] INFO   - Данные были отправлены.
17:20:33.579 [pool-2-thread-1] INFO   - Получен пакет с командой от 127.0.0.1 53114
17:20:33.579 [Thread-0] INFO   - Обработка запроса для 53114 началась.
17:20:33.592 [Thread-9] INFO   - Была исполнена команда show
17:20:33.592 [Thread-0] INFO   - Отправка для 53114 началась.
17:20:34.087 [main] INFO   - Данные были получены.
17:20:41.743 [main] INFO   - Данные были отправлены.
17:20:41.744 [pool-2-thread-2] INFO   - Получен пакет с командой от 127.0.0.1 53114
17:20:41.745 [Thread-0] INFO   - Обработка запроса для 53114 началась.
17:20:41.753 [Thread-11] INFO   - Была исполнена команда remove_by_id
17:20:41.754 [Thread-0] INFO   - Отправка для 53114 началась.
17:20:42.258 [main] INFO   - Данные были получены.
17:20:45.051 [main] INFO   - Данные были отправлены.
17:20:45.052 [pool-2-thread-1] INFO   - Получен пакет с командой от 127.0.0.1 53114
17:20:45.052 [Thread-0] INFO   - Обработка запроса для 53114 началась.
17:20:45.053 [Thread-13] INFO   - Была исполнена команда show
17:20:45.053 [Thread-0] INFO   - Отправка для 53114 началась.
17:20:45.564 [main] INFO   - Данные были получены.
17:21:11.301 [main] INFO   - Данные были отправлены.
17:21:11.301 [pool-2-thread-2] INFO   - Получен пакет с командой от 127.0.0.1 53114
17:21:11.302 [Thread-0] INFO   - Обработка запроса для 53114 началась.
17:21:11.336 [Thread-15] INFO   - Была исполнена команда remove_by_id
17:21:11.337 [Thread-0] INFO   - Отправка для 53114 началась.
17:21:11.803 [main] INFO   - Данные были получены.
17:21:14.849 [main] INFO   - Данные были отправлены.
17:21:14.850 [pool-2-thread-1] INFO   - Получен пакет с командой от 127.0.0.1 53114
17:21:14.850 [Thread-0] INFO   - Обработка запроса для 53114 началась.
17:21:14.851 [Thread-17] INFO   - Была исполнена команда show
17:21:14.852 [Thread-0] INFO   - Отправка для 53114 началась.
17:21:15.365 [main] INFO   - Данные были получены.
17:21:53.282 [main] ERROR  - Соединение с бд не установлено. Завершение работы сервера org.postgresql.util.PSQLException: Подсоединение по адресу localhost:5432 отклонено. Проверьте что хост и порт указаны правильно и что postmaster принимает TCP/IP-подсоединения.
